{"/Users/bytedance/WebstormProjects/cmdx/packages/printer/src/index.ts": {"path":"/Users/bytedance/WebstormProjects/cmdx/packages/printer/src/index.ts","all":true,"statementMap":{"0":{"start":{"line":1,"column":0},"end":{"line":1,"column":24}},"1":{"start":{"line":2,"column":0},"end":{"line":2,"column":23}},"2":{"start":{"line":3,"column":0},"end":{"line":3,"column":30}}},"s":{"0":0,"1":0,"2":0},"branchMap":{"0":{"type":"branch","line":1,"loc":{"start":{"line":1,"column":79},"end":{"line":3,"column":30}},"locations":[{"start":{"line":1,"column":79},"end":{"line":3,"column":30}}]}},"b":{"0":[0]},"fnMap":{"0":{"name":"(empty-report)","decl":{"start":{"line":1,"column":79},"end":{"line":3,"column":30}},"loc":{"start":{"line":1,"column":79},"end":{"line":3,"column":30}},"line":1}},"f":{"0":0}}
,"/Users/bytedance/WebstormProjects/cmdx/packages/printer/src/link.ts": {"path":"/Users/bytedance/WebstormProjects/cmdx/packages/printer/src/link.ts","all":true,"statementMap":{"0":{"start":{"line":1,"column":0},"end":{"line":1,"column":56}},"1":{"start":{"line":2,"column":0},"end":{"line":2,"column":40}},"2":{"start":{"line":3,"column":0},"end":{"line":3,"column":38}},"4":{"start":{"line":5,"column":0},"end":{"line":5,"column":22}},"5":{"start":{"line":6,"column":0},"end":{"line":6,"column":21}},"6":{"start":{"line":7,"column":0},"end":{"line":7,"column":16}},"8":{"start":{"line":9,"column":0},"end":{"line":9,"column":57}},"9":{"start":{"line":10,"column":0},"end":{"line":10,"column":25}},"10":{"start":{"line":11,"column":0},"end":{"line":11,"column":82}},"11":{"start":{"line":12,"column":0},"end":{"line":12,"column":3}},"12":{"start":{"line":13,"column":0},"end":{"line":13,"column":69}},"13":{"start":{"line":14,"column":0},"end":{"line":14,"column":1}},"15":{"start":{"line":16,"column":0},"end":{"line":16,"column":53}}},"s":{"0":0,"1":0,"2":0,"4":0,"5":0,"6":0,"8":0,"9":0,"10":0,"11":0,"12":0,"13":0,"15":0},"branchMap":{"0":{"type":"branch","line":1,"loc":{"start":{"line":1,"column":0},"end":{"line":16,"column":-92}},"locations":[{"start":{"line":1,"column":0},"end":{"line":16,"column":-92}}]}},"b":{"0":[0]},"fnMap":{"0":{"name":"(empty-report)","decl":{"start":{"line":1,"column":0},"end":{"line":16,"column":-92}},"loc":{"start":{"line":1,"column":0},"end":{"line":16,"column":-92}},"line":1}},"f":{"0":0}}
,"/Users/bytedance/WebstormProjects/cmdx/packages/printer/src/paint.ts": {"path":"/Users/bytedance/WebstormProjects/cmdx/packages/printer/src/paint.ts","all":true,"statementMap":{"0":{"start":{"line":1,"column":0},"end":{"line":1,"column":18}},"1":{"start":{"line":2,"column":0},"end":{"line":2,"column":8}},"2":{"start":{"line":3,"column":0},"end":{"line":3,"column":7}},"3":{"start":{"line":4,"column":0},"end":{"line":4,"column":8}},"4":{"start":{"line":5,"column":0},"end":{"line":5,"column":9}},"5":{"start":{"line":6,"column":0},"end":{"line":6,"column":12}},"6":{"start":{"line":7,"column":0},"end":{"line":7,"column":12}},"7":{"start":{"line":8,"column":0},"end":{"line":8,"column":13}},"8":{"start":{"line":9,"column":0},"end":{"line":9,"column":10}},"9":{"start":{"line":10,"column":0},"end":{"line":10,"column":10}},"10":{"start":{"line":11,"column":0},"end":{"line":11,"column":13}},"11":{"start":{"line":12,"column":0},"end":{"line":12,"column":10}},"12":{"start":{"line":13,"column":0},"end":{"line":13,"column":19}},"13":{"start":{"line":14,"column":0},"end":{"line":14,"column":14}},"14":{"start":{"line":15,"column":0},"end":{"line":15,"column":17}},"15":{"start":{"line":16,"column":0},"end":{"line":16,"column":13}},"16":{"start":{"line":17,"column":0},"end":{"line":17,"column":20}},"17":{"start":{"line":18,"column":0},"end":{"line":18,"column":15}},"18":{"start":{"line":19,"column":0},"end":{"line":19,"column":18}},"19":{"start":{"line":20,"column":0},"end":{"line":20,"column":8}},"20":{"start":{"line":21,"column":0},"end":{"line":21,"column":6}},"21":{"start":{"line":22,"column":0},"end":{"line":22,"column":8}},"22":{"start":{"line":23,"column":0},"end":{"line":23,"column":9}},"23":{"start":{"line":24,"column":0},"end":{"line":24,"column":7}},"24":{"start":{"line":25,"column":0},"end":{"line":25,"column":10}},"25":{"start":{"line":26,"column":0},"end":{"line":26,"column":7}},"26":{"start":{"line":27,"column":0},"end":{"line":27,"column":8}},"27":{"start":{"line":28,"column":0},"end":{"line":28,"column":20}},"28":{"start":{"line":29,"column":0},"end":{"line":29,"column":10}},"29":{"start":{"line":30,"column":0},"end":{"line":30,"column":8}},"30":{"start":{"line":31,"column":0},"end":{"line":31,"column":10}},"31":{"start":{"line":32,"column":0},"end":{"line":32,"column":11}},"32":{"start":{"line":33,"column":0},"end":{"line":33,"column":9}},"33":{"start":{"line":34,"column":0},"end":{"line":34,"column":12}},"34":{"start":{"line":35,"column":0},"end":{"line":35,"column":9}},"35":{"start":{"line":36,"column":0},"end":{"line":36,"column":10}},"36":{"start":{"line":37,"column":0},"end":{"line":37,"column":20}},"37":{"start":{"line":38,"column":0},"end":{"line":38,"column":19}},"38":{"start":{"line":39,"column":0},"end":{"line":39,"column":12}},"39":{"start":{"line":40,"column":0},"end":{"line":40,"column":14}},"40":{"start":{"line":41,"column":0},"end":{"line":41,"column":15}},"41":{"start":{"line":42,"column":0},"end":{"line":42,"column":13}},"42":{"start":{"line":43,"column":0},"end":{"line":43,"column":16}},"43":{"start":{"line":44,"column":0},"end":{"line":44,"column":13}},"44":{"start":{"line":45,"column":0},"end":{"line":45,"column":14}},"45":{"start":{"line":46,"column":0},"end":{"line":46,"column":22}},"46":{"start":{"line":47,"column":0},"end":{"line":47,"column":14}},"47":{"start":{"line":48,"column":0},"end":{"line":48,"column":16}},"48":{"start":{"line":49,"column":0},"end":{"line":49,"column":17}},"49":{"start":{"line":50,"column":0},"end":{"line":50,"column":15}},"50":{"start":{"line":51,"column":0},"end":{"line":51,"column":18}},"51":{"start":{"line":52,"column":0},"end":{"line":52,"column":15}},"52":{"start":{"line":53,"column":0},"end":{"line":53,"column":16}},"55":{"start":{"line":56,"column":0},"end":{"line":56,"column":36}},"57":{"start":{"line":58,"column":0},"end":{"line":58,"column":66}},"58":{"start":{"line":59,"column":0},"end":{"line":59,"column":30}},"59":{"start":{"line":60,"column":0},"end":{"line":60,"column":26}},"60":{"start":{"line":61,"column":0},"end":{"line":61,"column":3}},"61":{"start":{"line":62,"column":0},"end":{"line":62,"column":44}},"62":{"start":{"line":63,"column":0},"end":{"line":63,"column":28}},"63":{"start":{"line":64,"column":0},"end":{"line":64,"column":54}},"64":{"start":{"line":65,"column":0},"end":{"line":65,"column":37}},"65":{"start":{"line":66,"column":0},"end":{"line":66,"column":4}},"66":{"start":{"line":67,"column":0},"end":{"line":67,"column":1}}},"s":{"0":0,"1":0,"2":0,"3":0,"4":0,"5":0,"6":0,"7":0,"8":0,"9":0,"10":0,"11":0,"12":0,"13":0,"14":0,"15":0,"16":0,"17":0,"18":0,"19":0,"20":0,"21":0,"22":0,"23":0,"24":0,"25":0,"26":0,"27":0,"28":0,"29":0,"30":0,"31":0,"32":0,"33":0,"34":0,"35":0,"36":0,"37":0,"38":0,"39":0,"40":0,"41":0,"42":0,"43":0,"44":0,"45":0,"46":0,"47":0,"48":0,"49":0,"50":0,"51":0,"52":0,"55":0,"57":0,"58":0,"59":0,"60":0,"61":0,"62":0,"63":0,"64":0,"65":0,"66":0},"branchMap":{"0":{"type":"branch","line":1,"loc":{"start":{"line":1,"column":0},"end":{"line":67,"column":-765}},"locations":[{"start":{"line":1,"column":0},"end":{"line":67,"column":-765}}]}},"b":{"0":[0]},"fnMap":{"0":{"name":"(empty-report)","decl":{"start":{"line":1,"column":0},"end":{"line":67,"column":-765}},"loc":{"start":{"line":1,"column":0},"end":{"line":67,"column":-765}},"line":1}},"f":{"0":0}}
,"/Users/bytedance/WebstormProjects/cmdx/packages/printer/src/processText.ts": {"path":"/Users/bytedance/WebstormProjects/cmdx/packages/printer/src/processText.ts","all":false,"statementMap":{"0":{"start":{"line":1,"column":0},"end":{"line":1,"column":49}},"1":{"start":{"line":2,"column":0},"end":{"line":2,"column":69}},"2":{"start":{"line":3,"column":0},"end":{"line":3,"column":1}},"20":{"start":{"line":21,"column":0},"end":{"line":21,"column":72}},"21":{"start":{"line":22,"column":0},"end":{"line":22,"column":64}},"22":{"start":{"line":23,"column":0},"end":{"line":23,"column":22}},"24":{"start":{"line":25,"column":0},"end":{"line":25,"column":16}},"25":{"start":{"line":26,"column":0},"end":{"line":26,"column":3}},"26":{"start":{"line":27,"column":0},"end":{"line":27,"column":51}},"27":{"start":{"line":28,"column":0},"end":{"line":28,"column":23}},"28":{"start":{"line":29,"column":0},"end":{"line":29,"column":28}},"30":{"start":{"line":31,"column":0},"end":{"line":31,"column":17}},"31":{"start":{"line":32,"column":0},"end":{"line":32,"column":3}},"32":{"start":{"line":33,"column":0},"end":{"line":33,"column":34}},"34":{"start":{"line":35,"column":0},"end":{"line":35,"column":37}},"35":{"start":{"line":36,"column":0},"end":{"line":36,"column":16}},"36":{"start":{"line":37,"column":0},"end":{"line":37,"column":3}},"38":{"start":{"line":39,"column":0},"end":{"line":39,"column":22}},"39":{"start":{"line":40,"column":0},"end":{"line":40,"column":38}},"40":{"start":{"line":41,"column":0},"end":{"line":41,"column":29}},"41":{"start":{"line":42,"column":0},"end":{"line":42,"column":19}},"42":{"start":{"line":43,"column":0},"end":{"line":43,"column":3}},"44":{"start":{"line":45,"column":0},"end":{"line":45,"column":16}},"45":{"start":{"line":46,"column":0},"end":{"line":46,"column":39}},"47":{"start":{"line":48,"column":0},"end":{"line":48,"column":31}},"48":{"start":{"line":49,"column":0},"end":{"line":49,"column":5}},"49":{"start":{"line":50,"column":0},"end":{"line":50,"column":40}},"50":{"start":{"line":51,"column":0},"end":{"line":51,"column":24}},"51":{"start":{"line":52,"column":0},"end":{"line":52,"column":5}},"52":{"start":{"line":53,"column":0},"end":{"line":53,"column":16}},"53":{"start":{"line":54,"column":0},"end":{"line":54,"column":3}},"55":{"start":{"line":56,"column":0},"end":{"line":56,"column":22}},"56":{"start":{"line":57,"column":0},"end":{"line":57,"column":38}},"57":{"start":{"line":58,"column":0},"end":{"line":58,"column":28}},"58":{"start":{"line":59,"column":0},"end":{"line":59,"column":27}},"59":{"start":{"line":60,"column":0},"end":{"line":60,"column":22}},"60":{"start":{"line":61,"column":0},"end":{"line":61,"column":12}},"61":{"start":{"line":62,"column":0},"end":{"line":62,"column":27}},"62":{"start":{"line":63,"column":0},"end":{"line":63,"column":22}},"63":{"start":{"line":64,"column":0},"end":{"line":64,"column":5}},"64":{"start":{"line":65,"column":0},"end":{"line":65,"column":3}},"65":{"start":{"line":66,"column":0},"end":{"line":66,"column":37}},"66":{"start":{"line":67,"column":0},"end":{"line":67,"column":16}},"67":{"start":{"line":68,"column":0},"end":{"line":68,"column":3}},"69":{"start":{"line":70,"column":0},"end":{"line":70,"column":23}},"70":{"start":{"line":71,"column":0},"end":{"line":71,"column":38}},"71":{"start":{"line":72,"column":0},"end":{"line":72,"column":22}},"72":{"start":{"line":73,"column":0},"end":{"line":73,"column":3}},"73":{"start":{"line":74,"column":0},"end":{"line":74,"column":14}},"74":{"start":{"line":75,"column":0},"end":{"line":75,"column":1}}},"s":{"0":1,"1":90,"2":90,"20":1,"21":10,"22":10,"24":0,"25":0,"26":10,"27":10,"28":10,"30":6,"31":6,"32":10,"34":10,"35":1,"36":1,"38":9,"39":10,"40":5,"41":5,"42":5,"44":10,"45":3,"47":3,"48":3,"49":3,"50":4,"51":4,"52":3,"53":3,"55":6,"56":10,"57":40,"58":22,"59":22,"60":40,"61":18,"62":18,"63":18,"64":40,"65":10,"66":5,"67":5,"69":1,"70":1,"71":1,"72":1,"73":1,"74":1},"branchMap":{"0":{"type":"branch","line":1,"loc":{"start":{"line":1,"column":7},"end":{"line":3,"column":1}},"locations":[{"start":{"line":1,"column":7},"end":{"line":3,"column":1}}]},"1":{"type":"branch","line":2,"loc":{"start":{"line":2,"column":53},"end":{"line":2,"column":66}},"locations":[{"start":{"line":2,"column":53},"end":{"line":2,"column":66}}]},"2":{"type":"branch","line":2,"loc":{"start":{"line":2,"column":56},"end":{"line":2,"column":69}},"locations":[{"start":{"line":2,"column":56},"end":{"line":2,"column":69}}]},"3":{"type":"branch","line":21,"loc":{"start":{"line":21,"column":7},"end":{"line":75,"column":1}},"locations":[{"start":{"line":21,"column":7},"end":{"line":75,"column":1}}]},"4":{"type":"branch","line":23,"loc":{"start":{"line":23,"column":21},"end":{"line":26,"column":3}},"locations":[{"start":{"line":23,"column":21},"end":{"line":26,"column":3}}]},"5":{"type":"branch","line":29,"loc":{"start":{"line":29,"column":7},"end":{"line":29,"column":27}},"locations":[{"start":{"line":29,"column":7},"end":{"line":29,"column":27}}]},"6":{"type":"branch","line":29,"loc":{"start":{"line":29,"column":27},"end":{"line":32,"column":3}},"locations":[{"start":{"line":29,"column":27},"end":{"line":32,"column":3}}]},"7":{"type":"branch","line":35,"loc":{"start":{"line":35,"column":36},"end":{"line":37,"column":3}},"locations":[{"start":{"line":35,"column":36},"end":{"line":37,"column":3}}]},"8":{"type":"branch","line":37,"loc":{"start":{"line":37,"column":2},"end":{"line":40,"column":37}},"locations":[{"start":{"line":37,"column":2},"end":{"line":40,"column":37}}]},"9":{"type":"branch","line":40,"loc":{"start":{"line":40,"column":37},"end":{"line":43,"column":3}},"locations":[{"start":{"line":40,"column":37},"end":{"line":43,"column":3}}]},"10":{"type":"branch","line":43,"loc":{"start":{"line":43,"column":2},"end":{"line":45,"column":15}},"locations":[{"start":{"line":43,"column":2},"end":{"line":45,"column":15}}]},"11":{"type":"branch","line":45,"loc":{"start":{"line":45,"column":15},"end":{"line":54,"column":3}},"locations":[{"start":{"line":45,"column":15},"end":{"line":54,"column":3}}]},"12":{"type":"branch","line":50,"loc":{"start":{"line":50,"column":39},"end":{"line":52,"column":5}},"locations":[{"start":{"line":50,"column":39},"end":{"line":52,"column":5}}]},"13":{"type":"branch","line":54,"loc":{"start":{"line":54,"column":2},"end":{"line":57,"column":37}},"locations":[{"start":{"line":54,"column":2},"end":{"line":57,"column":37}}]},"14":{"type":"branch","line":57,"loc":{"start":{"line":57,"column":37},"end":{"line":65,"column":3}},"locations":[{"start":{"line":57,"column":37},"end":{"line":65,"column":3}}]},"15":{"type":"branch","line":58,"loc":{"start":{"line":58,"column":27},"end":{"line":61,"column":11}},"locations":[{"start":{"line":58,"column":27},"end":{"line":61,"column":11}}]},"16":{"type":"branch","line":61,"loc":{"start":{"line":61,"column":4},"end":{"line":64,"column":5}},"locations":[{"start":{"line":61,"column":4},"end":{"line":64,"column":5}}]},"17":{"type":"branch","line":65,"loc":{"start":{"line":65,"column":2},"end":{"line":66,"column":36}},"locations":[{"start":{"line":65,"column":2},"end":{"line":66,"column":36}}]},"18":{"type":"branch","line":66,"loc":{"start":{"line":66,"column":36},"end":{"line":68,"column":3}},"locations":[{"start":{"line":66,"column":36},"end":{"line":68,"column":3}}]},"19":{"type":"branch","line":68,"loc":{"start":{"line":68,"column":2},"end":{"line":75,"column":1}},"locations":[{"start":{"line":68,"column":2},"end":{"line":75,"column":1}}]}},"b":{"0":[90],"1":[29],"2":[61],"3":[10],"4":[0],"5":[7],"6":[6],"7":[1],"8":[9],"9":[5],"10":[9],"11":[3],"12":[4],"13":[6],"14":[40],"15":[22],"16":[18],"17":[6],"18":[5],"19":[1]},"fnMap":{"0":{"name":"textWidth","decl":{"start":{"line":1,"column":7},"end":{"line":3,"column":1}},"loc":{"start":{"line":1,"column":7},"end":{"line":3,"column":1}},"line":1},"1":{"name":"padText","decl":{"start":{"line":21,"column":7},"end":{"line":75,"column":1}},"loc":{"start":{"line":21,"column":7},"end":{"line":75,"column":1}},"line":21}},"f":{"0":90,"1":10}}
}
